eeschema (2013-jul-07)-stable  >> Creation date: Сб. 27 февр. 2016 23:37:23
#Cmp ( order = Reference )
| C1         FILTER IC   
| C2         FILTER MOTOR
| IC1        4094N       
| P1         CONN_5      
| P2         NEXT        
| P3         MOTOR_A4988 
| P4         MOTOR_A4988 
| P5         MOTOR 8-35V 
| P6         motor_Z_in  
#End Cmp

#Cmp ( order = Value )
| FILTER IC    C1        
| FILTER MOTOR C2        
| 4094N        IC1       
| CONN_5       P1        
| NEXT         P2        
| MOTOR_A4988  P3        
| MOTOR_A4988  P4        
| MOTOR 8-35V  P5        
| motor_Z_in   P6        
#End Cmp

#End List
